#
# A fatal error has been detected by the Java Runtime Environment:
#
#  EXCEPTION_ACCESS_VIOLATION (0xc0000005) at pc=0x00007ffa94f9bf00, pid=17492, tid=19496
#
# JRE version: OpenJDK Runtime Environment (17.0+35) (build 17+35-2724)
# Java VM: OpenJDK 64-Bit Server VM (17+35-2724, mixed mode, sharing, tiered, compressed oops, compressed class ptrs, g1 gc, windows-amd64)
# Problematic frame:
# V  [jvm.dll+0xbf00]
#
# No core dump will be written. Minidumps are not enabled by default on client versions of Windows
#
# If you would like to submit a bug report, please visit:
#   https://bugreport.java.com/bugreport/crash.jsp
#

---------------  S U M M A R Y ------------

Command Line: -Djava.library.path=C:\Users\andru\IdeaProjects\GameEngine\src\cpp -javaagent:C:\Program Files\JetBrains\IntelliJ IDEA Community Edition 2021.2.2\lib\idea_rt.jar=55570:C:\Program Files\JetBrains\IntelliJ IDEA Community Edition 2021.2.2\bin -Dfile.encoding=UTF-8 Engine

Host: AMD Ryzen 5 3600 6-Core Processor              , 12 cores, 63G,  Windows 10 , 64 bit Build 22000 (10.0.22000.675)
Time: Mon May 23 13:48:55 2022 Eastern Daylight Time elapsed time: 0.079159 seconds (0d 0h 0m 0s)

---------------  T H R E A D  ---------------

Current thread (0x000002ce50604480):  JavaThread "main" [_thread_in_vm, id=19496, stack(0x000000d35e200000,0x000000d35e300000)]

Stack: [0x000000d35e200000,0x000000d35e300000],  sp=0x000000d35e2ff098,  free space=1020k
Native frames: (J=compiled Java code, j=interpreted, Vv=VM code, C=native code)
V  [jvm.dll+0xbf00]

Java frames: (J=compiled Java code, j=interpreted, Vv=VM code)
j  Engine.nativeTest()I+0
j  Engine.main([Ljava/lang/String;)V+10
v  ~StubRoutines::call_stub

siginfo: EXCEPTION_ACCESS_VIOLATION (0xc0000005), reading address 0x0000000000000002


Register to memory mapping:

RIP=0x00007ffa94f9bf00 jvm.dll
RAX=0x0 is NULL
RBX=0x000002ce50604480 is a thread
RCX=0x0000000000000002 is an unknown value
RDX=0x0000000000000002 is an unknown value
RSP=0x000000d35e2ff098 is pointing into the stack for thread: 0x000002ce50604480
RBP=0x000000d35e2ff1d8 is pointing into the stack for thread: 0x000002ce50604480
RSI=0x0000000000000002 is an unknown value
RDI=0x0 is NULL
R8 =0x0 is NULL
R9 =0x0000000000000002 is an unknown value
R10=0x000002ce57e0d5f2 is at code_begin+946 in an Interpreter codelet
method entry point (kind = native)  [0x000002ce57e0d240, 0x000002ce57e0dbc0]  2432 bytes
R11=0x0000000000000102 is an unknown value
R12=0x0 is NULL
R13={method} {0x000002ce10803268} 'nativeTest' '()I' in 'Engine'
R14=0x000000d35e2ff1f8 is pointing into the stack for thread: 0x000002ce50604480
R15=0x000002ce50604480 is a thread


Registers:
RAX=0x0000000000000000, RBX=0x000002ce50604480, RCX=0x0000000000000002, RDX=0x0000000000000002
RSP=0x000000d35e2ff098, RBP=0x000000d35e2ff1d8, RSI=0x0000000000000002, RDI=0x0000000000000000
R8 =0x0000000000000000, R9 =0x0000000000000002, R10=0x000002ce57e0d5f2, R11=0x0000000000000102
R12=0x0000000000000000, R13=0x000002ce10803260, R14=0x000000d35e2ff1f8, R15=0x000002ce50604480
RIP=0x00007ffa94f9bf00, EFLAGS=0x0000000000010246

Top of Stack: (sp=0x000000d35e2ff098)
0x000000d35e2ff098:   00007ffa95373d98 0000d0bb61d8be60
0x000000d35e2ff0a8:   00007ffa955b6f67 000002ce50604480
0x000000d35e2ff0b8:   000000d35e2ff1f8 000000d35e2ff150
0x000000d35e2ff0c8:   000000d35e2ff670 000002ce10803260
0x000000d35e2ff0d8:   00007ffae3be535d 000000d35e2ff1d8
0x000000d35e2ff0e8:   0000000000000000 cccccccccccccccc
0x000000d35e2ff0f8:   000002ce50604480 cccccccccccccccc
0x000000d35e2ff108:   cccccccccccccccc 0000000000000000
0x000000d35e2ff118:   cccccccccccccccc cccccccccccccccc
0x000000d35e2ff128:   cccccccccccccccc cccccccccccccccc
0x000000d35e2ff138:   cccccccccccccccc cccccccccccccccc
0x000000d35e2ff148:   cccccccccccccccc 000002ce50604480
0x000000d35e2ff158:   000002ce57e0d621 000002ce50604728
0x000000d35e2ff168:   000000d35e2ff1f8 000000d300000002
0x000000d35e2ff178:   0000000000000002 000000d35e2ff250
0x000000d35e2ff188:   000002ce57e0d2f6 000000d35e2ff190 

Instructions: (pc=0x00007ffa94f9bf00)
0x00007ffa94f9be00:   1c d2 a6 00 48 83 c4 20 5b 48 ff e0 48 8d 05 ed
0x00007ffa94f9be10:   00 00 00 48 8b cb 48 89 05 03 d2 a6 00 48 83 c4
0x00007ffa94f9be20:   20 5b 48 ff e0 48 8d 05 d4 00 00 00 48 8b cb 48
0x00007ffa94f9be30:   89 05 ea d1 a6 00 48 83 c4 20 5b 48 ff e0 48 8b
0x00007ffa94f9be40:   0d 4b c3 ac 00 8b 51 10 83 ea 01 0f 84 91 00 00
0x00007ffa94f9be50:   00 83 ea 01 74 73 83 ea 01 74 55 83 fa 01 74 37
0x00007ffa94f9be60:   4c 8d 0d d1 1c 82 00 41 b8 e9 00 00 00 48 8d 15
0x00007ffa94f9be70:   fc 1c 82 00 b9 00 00 00 e0 e8 f2 69 23 00 e8 dd
0x00007ffa94f9be80:   35 66 00 33 c0 48 8b cb 48 89 05 91 d1 a6 00 48
0x00007ffa94f9be90:   83 c4 20 5b 48 ff e0 48 8d 05 72 00 00 00 48 8b
0x00007ffa94f9bea0:   cb 48 89 05 78 d1 a6 00 48 83 c4 20 5b 48 ff e0
0x00007ffa94f9beb0:   48 8d 05 49 00 00 00 48 8b cb 48 89 05 5f d1 a6
0x00007ffa94f9bec0:   00 48 83 c4 20 5b 48 ff e0 48 8d 05 30 00 00 00
0x00007ffa94f9bed0:   48 8b cb 48 89 05 46 d1 a6 00 48 83 c4 20 5b 48
0x00007ffa94f9bee0:   ff e0 48 8d 05 17 00 00 00 48 8b cb 48 89 05 2d
0x00007ffa94f9bef0:   d1 a6 00 48 83 c4 20 5b 48 ff e0 cc cc cc cc cc
0x00007ffa94f9bf00:   48 8b 01 c3 cc cc cc cc cc cc cc cc cc cc cc cc
0x00007ffa94f9bf10:   48 89 5c 24 08 57 48 83 ec 20 48 8b 39 48 8b d9
0x00007ffa94f9bf20:   48 85 3d 51 9f b1 00 75 0e 48 8b c7 48 8b 5c 24
0x00007ffa94f9bf30:   30 48 83 c4 20 5f c3 48 8b cf e8 41 38 7f 00 48
0x00007ffa94f9bf40:   8b d0 48 85 c0 74 20 48 8b c7 f0 48 0f b1 13 74
0x00007ffa94f9bf50:   16 48 85 05 20 9f b1 00 74 0d 48 8b c8 f0 48 0f
0x00007ffa94f9bf60:   b1 13 48 3b c1 75 ea 48 8b 5c 24 30 48 8b c2 48
0x00007ffa94f9bf70:   83 c4 20 5f c3 cc cc cc cc cc cc cc cc cc cc cc
0x00007ffa94f9bf80:   8b 44 24 30 45 03 c9 44 2b 4c 24 28 83 c0 0b 44
0x00007ffa94f9bf90:   03 ca 45 03 c8 41 03 c1 c3 cc cc cc cc cc cc cc
0x00007ffa94f9bfa0:   48 8b 41 08 0f b7 48 2a 0f b7 40 28 83 c0 48 03
0x00007ffa94f9bfb0:   c1 c3 cc cc cc cc cc cc cc cc cc cc cc cc cc cc
0x00007ffa94f9bfc0:   48 89 5c 24 08 57 48 83 ec 20 0f b6 05 9f a6 b1
0x00007ffa94f9bfd0:   00 48 8b fa 48 8b d9 84 c0 74 4f 48 85 15 96 9e
0x00007ffa94f9bfe0:   b1 00 74 38 48 8b ca e8 a4 3a 7f 00 48 8b d0 48
0x00007ffa94f9bff0:   85 db 74 25 48 85 c0 74 20 48 8b c7 f0 48 0f b1 


Stack slot to memory mapping:
stack at sp + 0 slots: 0x00007ffa95373d98 jvm.dll
stack at sp + 1 slots: 0x0000d0bb61d8be60 is an unknown value
stack at sp + 2 slots: 0x00007ffa955b6f67 jvm.dll
stack at sp + 3 slots: 0x000002ce50604480 is a thread
stack at sp + 4 slots: 0x000000d35e2ff1f8 is pointing into the stack for thread: 0x000002ce50604480
stack at sp + 5 slots: 0x000000d35e2ff150 is pointing into the stack for thread: 0x000002ce50604480
stack at sp + 6 slots: 0x000000d35e2ff670 is pointing into the stack for thread: 0x000002ce50604480
stack at sp + 7 slots: {method} {0x000002ce10803268} 'nativeTest' '()I' in 'Engine'


---------------  P R O C E S S  ---------------

Threads class SMR info:
_java_thread_list=0x000002ce102cbef0, length=13, elements={
0x000002ce50604480, 0x000002ce7f841880, 0x000002ce7f842600, 0x000002ce7f856750,
0x000002ce7f857010, 0x000002ce7f8578d0, 0x000002ce7f858190, 0x000002ce7f859790,
0x000002ce7f85b160, 0x000002ce100d8400, 0x000002ce7f82cdc0, 0x000002ce102d2a80,
0x000002ce102d5d80
}

Java Threads: ( => current thread )
=>0x000002ce50604480 JavaThread "main" [_thread_in_vm, id=19496, stack(0x000000d35e200000,0x000000d35e300000)]
  0x000002ce7f841880 JavaThread "Reference Handler" daemon [_thread_blocked, id=19912, stack(0x000000d35e900000,0x000000d35ea00000)]
  0x000002ce7f842600 JavaThread "Finalizer" daemon [_thread_blocked, id=23272, stack(0x000000d35ea00000,0x000000d35eb00000)]
  0x000002ce7f856750 JavaThread "Signal Dispatcher" daemon [_thread_blocked, id=19528, stack(0x000000d35eb00000,0x000000d35ec00000)]
  0x000002ce7f857010 JavaThread "Attach Listener" daemon [_thread_blocked, id=14924, stack(0x000000d35ec00000,0x000000d35ed00000)]
  0x000002ce7f8578d0 JavaThread "Service Thread" daemon [_thread_blocked, id=22484, stack(0x000000d35ed00000,0x000000d35ee00000)]
  0x000002ce7f858190 JavaThread "Monitor Deflation Thread" daemon [_thread_blocked, id=19936, stack(0x000000d35ee00000,0x000000d35ef00000)]
  0x000002ce7f859790 JavaThread "C2 CompilerThread0" daemon [_thread_blocked, id=21384, stack(0x000000d35ef00000,0x000000d35f000000)]
  0x000002ce7f85b160 JavaThread "C1 CompilerThread0" daemon [_thread_blocked, id=22872, stack(0x000000d35f000000,0x000000d35f100000)]
  0x000002ce100d8400 JavaThread "Sweeper thread" daemon [_thread_blocked, id=10920, stack(0x000000d35f100000,0x000000d35f200000)]
  0x000002ce7f82cdc0 JavaThread "Common-Cleaner" daemon [_thread_blocked, id=2084, stack(0x000000d35f200000,0x000000d35f300000)]
  0x000002ce102d2a80 JavaThread "Monitor Ctrl-Break" daemon [_thread_blocked, id=23564, stack(0x000000d35f300000,0x000000d35f400000)]
  0x000002ce102d5d80 JavaThread "Notification Thread" daemon [_thread_blocked, id=23884, stack(0x000000d35f400000,0x000000d35f500000)]

Other Threads:
  0x000002ce7f83ad60 VMThread "VM Thread" [stack: 0x000000d35e800000,0x000000d35e900000] [id=21488] _threads_hazard_ptr=0x000002ce102cbef0
  0x000002ce7f6721e0 WatcherThread [stack: 0x000000d35f500000,0x000000d35f600000] [id=22600]
  0x000002ce506bc070 GCTaskThread "GC Thread#0" [stack: 0x000000d35e300000,0x000000d35e400000] [id=15620]
  0x000002ce506cfec0 ConcurrentGCThread "G1 Main Marker" [stack: 0x000000d35e400000,0x000000d35e500000] [id=20020]
  0x000002ce506d0f80 ConcurrentGCThread "G1 Conc#0" [stack: 0x000000d35e500000,0x000000d35e600000] [id=21420]
  0x000002ce7f7d4010 ConcurrentGCThread "G1 Refine#0" [stack: 0x000000d35e600000,0x000000d35e700000] [id=18696]
  0x000002ce7f7d4940 ConcurrentGCThread "G1 Service" [stack: 0x000000d35e700000,0x000000d35e800000] [id=24424]

Threads with active compile tasks:

VM state: not at safepoint (normal execution)

VM Mutex/Monitor currently owned by a thread:  ([mutex/lock_event])
[0x000002ce50601320] Compile_lock - owner thread: 0x000002ce102d2a80

Heap address: 0x0000000400800000, size: 16376 MB, Compressed Oops mode: Zero based, Oop shift amount: 3

CDS archive(s) mapped at: [0x0000000800000000-0x0000000800bc0000-0x0000000800bc0000), size 12320768, SharedBaseAddress: 0x0000000800000000, ArchiveRelocationMode: 0.
Compressed class space mapped at: 0x0000000800c00000-0x0000000840c00000, reserved size: 1073741824
Narrow klass base: 0x0000000800000000, Narrow klass shift: 0, Narrow klass range: 0x100000000

GC Precious Log:
 CPUs: 12 total, 12 available
 Memory: 65482M
 Large Page Support: Disabled
 NUMA Support: Disabled
 Compressed Oops: Enabled (Zero based)
 Heap Region Size: 8M
 Heap Min Capacity: 8M
 Heap Initial Capacity: 1G
 Heap Max Capacity: 16376M
 Pre-touch: Disabled
 Parallel Workers: 10
 Concurrent Workers: 3
 Concurrent Refinement Workers: 10
 Periodic GC: Disabled

Heap:
 garbage-first heap   total 1048576K, used 0K [0x0000000400800000, 0x0000000800000000)
  region size 8192K, 1 young (8192K), 0 survivors (0K)
 Metaspace       used 385K, committed 576K, reserved 1056768K
  class space    used 21K, committed 128K, reserved 1048576K

Heap Regions: E=young(eden), S=young(survivor), O=old, HS=humongous(starts), HC=humongous(continues), CS=collection set, F=free, OA=open archive, CA=closed archive, TAMS=top-at-mark-start (previous, next)
|   0|0x0000000400800000, 0x0000000400800000, 0x0000000401000000|  0%| F|  |TAMS 0x0000000400800000, 0x0000000400800000| Untracked 
|   1|0x0000000401000000, 0x0000000401000000, 0x0000000401800000|  0%| F|  |TAMS 0x0000000401000000, 0x0000000401000000| Untracked 
|   2|0x0000000401800000, 0x0000000401800000, 0x0000000402000000|  0%| F|  |TAMS 0x0000000401800000, 0x0000000401800000| Untracked 
|   3|0x0000000402000000, 0x0000000402000000, 0x0000000402800000|  0%| F|  |TAMS 0x0000000402000000, 0x0000000402000000| Untracked 
|   4|0x0000000402800000, 0x0000000402800000, 0x0000000403000000|  0%| F|  |TAMS 0x0000000402800000, 0x0000000402800000| Untracked 
|   5|0x0000000403000000, 0x0000000403000000, 0x0000000403800000|  0%| F|  |TAMS 0x0000000403000000, 0x0000000403000000| Untracked 
|   6|0x0000000403800000, 0x0000000403800000, 0x0000000404000000|  0%| F|  |TAMS 0x0000000403800000, 0x0000000403800000| Untracked 
|   7|0x0000000404000000, 0x0000000404000000, 0x0000000404800000|  0%| F|  |TAMS 0x0000000404000000, 0x0000000404000000| Untracked 
|   8|0x0000000404800000, 0x0000000404800000, 0x0000000405000000|  0%| F|  |TAMS 0x0000000404800000, 0x0000000404800000| Untracked 
|   9|0x0000000405000000, 0x0000000405000000, 0x0000000405800000|  0%| F|  |TAMS 0x0000000405000000, 0x0000000405000000| Untracked 
|  10|0x0000000405800000, 0x0000000405800000, 0x0000000406000000|  0%| F|  |TAMS 0x0000000405800000, 0x0000000405800000| Untracked 
|  11|0x0000000406000000, 0x0000000406000000, 0x0000000406800000|  0%| F|  |TAMS 0x0000000406000000, 0x0000000406000000| Untracked 
|  12|0x0000000406800000, 0x0000000406800000, 0x0000000407000000|  0%| F|  |TAMS 0x0000000406800000, 0x0000000406800000| Untracked 
|  13|0x0000000407000000, 0x0000000407000000, 0x0000000407800000|  0%| F|  |TAMS 0x0000000407000000, 0x0000000407000000| Untracked 
|  14|0x0000000407800000, 0x0000000407800000, 0x0000000408000000|  0%| F|  |TAMS 0x0000000407800000, 0x0000000407800000| Untracked 
|  15|0x0000000408000000, 0x0000000408000000, 0x0000000408800000|  0%| F|  |TAMS 0x0000000408000000, 0x0000000408000000| Untracked 
|  16|0x0000000408800000, 0x0000000408800000, 0x0000000409000000|  0%| F|  |TAMS 0x0000000408800000, 0x0000000408800000| Untracked 
|  17|0x0000000409000000, 0x0000000409000000, 0x0000000409800000|  0%| F|  |TAMS 0x0000000409000000, 0x0000000409000000| Untracked 
|  18|0x0000000409800000, 0x0000000409800000, 0x000000040a000000|  0%| F|  |TAMS 0x0000000409800000, 0x0000000409800000| Untracked 
|  19|0x000000040a000000, 0x000000040a000000, 0x000000040a800000|  0%| F|  |TAMS 0x000000040a000000, 0x000000040a000000| Untracked 
|  20|0x000000040a800000, 0x000000040a800000, 0x000000040b000000|  0%| F|  |TAMS 0x000000040a800000, 0x000000040a800000| Untracked 
|  21|0x000000040b000000, 0x000000040b000000, 0x000000040b800000|  0%| F|  |TAMS 0x000000040b000000, 0x000000040b000000| Untracked 
|  22|0x000000040b800000, 0x000000040b800000, 0x000000040c000000|  0%| F|  |TAMS 0x000000040b800000, 0x000000040b800000| Untracked 
|  23|0x000000040c000000, 0x000000040c000000, 0x000000040c800000|  0%| F|  |TAMS 0x000000040c000000, 0x000000040c000000| Untracked 
|  24|0x000000040c800000, 0x000000040c800000, 0x000000040d000000|  0%| F|  |TAMS 0x000000040c800000, 0x000000040c800000| Untracked 
|  25|0x000000040d000000, 0x000000040d000000, 0x000000040d800000|  0%| F|  |TAMS 0x000000040d000000, 0x000000040d000000| Untracked 
|  26|0x000000040d800000, 0x000000040d800000, 0x000000040e000000|  0%| F|  |TAMS 0x000000040d800000, 0x000000040d800000| Untracked 
|  27|0x000000040e000000, 0x000000040e000000, 0x000000040e800000|  0%| F|  |TAMS 0x000000040e000000, 0x000000040e000000| Untracked 
|  28|0x000000040e800000, 0x000000040e800000, 0x000000040f000000|  0%| F|  |TAMS 0x000000040e800000, 0x000000040e800000| Untracked 
|  29|0x000000040f000000, 0x000000040f000000, 0x000000040f800000|  0%| F|  |TAMS 0x000000040f000000, 0x000000040f000000| Untracked 
|  30|0x000000040f800000, 0x000000040f800000, 0x0000000410000000|  0%| F|  |TAMS 0x000000040f800000, 0x000000040f800000| Untracked 
|  31|0x0000000410000000, 0x0000000410000000, 0x0000000410800000|  0%| F|  |TAMS 0x0000000410000000, 0x0000000410000000| Untracked 
|  32|0x0000000410800000, 0x0000000410800000, 0x0000000411000000|  0%| F|  |TAMS 0x0000000410800000, 0x0000000410800000| Untracked 
|  33|0x0000000411000000, 0x0000000411000000, 0x0000000411800000|  0%| F|  |TAMS 0x0000000411000000, 0x0000000411000000| Untracked 
|  34|0x0000000411800000, 0x0000000411800000, 0x0000000412000000|  0%| F|  |TAMS 0x0000000411800000, 0x0000000411800000| Untracked 
|  35|0x0000000412000000, 0x0000000412000000, 0x0000000412800000|  0%| F|  |TAMS 0x0000000412000000, 0x0000000412000000| Untracked 
|  36|0x0000000412800000, 0x0000000412800000, 0x0000000413000000|  0%| F|  |TAMS 0x0000000412800000, 0x0000000412800000| Untracked 
|  37|0x0000000413000000, 0x0000000413000000, 0x0000000413800000|  0%| F|  |TAMS 0x0000000413000000, 0x0000000413000000| Untracked 
|  38|0x0000000413800000, 0x0000000413800000, 0x0000000414000000|  0%| F|  |TAMS 0x0000000413800000, 0x0000000413800000| Untracked 
|  39|0x0000000414000000, 0x0000000414000000, 0x0000000414800000|  0%| F|  |TAMS 0x0000000414000000, 0x0000000414000000| Untracked 
|  40|0x0000000414800000, 0x0000000414800000, 0x0000000415000000|  0%| F|  |TAMS 0x0000000414800000, 0x0000000414800000| Untracked 
|  41|0x0000000415000000, 0x0000000415000000, 0x0000000415800000|  0%| F|  |TAMS 0x0000000415000000, 0x0000000415000000| Untracked 
|  42|0x0000000415800000, 0x0000000415800000, 0x0000000416000000|  0%| F|  |TAMS 0x0000000415800000, 0x0000000415800000| Untracked 
|  43|0x0000000416000000, 0x0000000416000000, 0x0000000416800000|  0%| F|  |TAMS 0x0000000416000000, 0x0000000416000000| Untracked 
|  44|0x0000000416800000, 0x0000000416800000, 0x0000000417000000|  0%| F|  |TAMS 0x0000000416800000, 0x0000000416800000| Untracked 
|  45|0x0000000417000000, 0x0000000417000000, 0x0000000417800000|  0%| F|  |TAMS 0x0000000417000000, 0x0000000417000000| Untracked 
|  46|0x0000000417800000, 0x0000000417800000, 0x0000000418000000|  0%| F|  |TAMS 0x0000000417800000, 0x0000000417800000| Untracked 
|  47|0x0000000418000000, 0x0000000418000000, 0x0000000418800000|  0%| F|  |TAMS 0x0000000418000000, 0x0000000418000000| Untracked 
|  48|0x0000000418800000, 0x0000000418800000, 0x0000000419000000|  0%| F|  |TAMS 0x0000000418800000, 0x0000000418800000| Untracked 
|  49|0x0000000419000000, 0x0000000419000000, 0x0000000419800000|  0%| F|  |TAMS 0x0000000419000000, 0x0000000419000000| Untracked 
|  50|0x0000000419800000, 0x0000000419800000, 0x000000041a000000|  0%| F|  |TAMS 0x0000000419800000, 0x0000000419800000| Untracked 
|  51|0x000000041a000000, 0x000000041a000000, 0x000000041a800000|  0%| F|  |TAMS 0x000000041a000000, 0x000000041a000000| Untracked 
|  52|0x000000041a800000, 0x000000041a800000, 0x000000041b000000|  0%| F|  |TAMS 0x000000041a800000, 0x000000041a800000| Untracked 
|  53|0x000000041b000000, 0x000000041b000000, 0x000000041b800000|  0%| F|  |TAMS 0x000000041b000000, 0x000000041b000000| Untracked 
|  54|0x000000041b800000, 0x000000041b800000, 0x000000041c000000|  0%| F|  |TAMS 0x000000041b800000, 0x000000041b800000| Untracked 
|  55|0x000000041c000000, 0x000000041c000000, 0x000000041c800000|  0%| F|  |TAMS 0x000000041c000000, 0x000000041c000000| Untracked 
|  56|0x000000041c800000, 0x000000041c800000, 0x000000041d000000|  0%| F|  |TAMS 0x000000041c800000, 0x000000041c800000| Untracked 
|  57|0x000000041d000000, 0x000000041d000000, 0x000000041d800000|  0%| F|  |TAMS 0x000000041d000000, 0x000000041d000000| Untracked 
|  58|0x000000041d800000, 0x000000041d800000, 0x000000041e000000|  0%| F|  |TAMS 0x000000041d800000, 0x000000041d800000| Untracked 
|  59|0x000000041e000000, 0x000000041e000000, 0x000000041e800000|  0%| F|  |TAMS 0x000000041e000000, 0x000000041e000000| Untracked 
|  60|0x000000041e800000, 0x000000041e800000, 0x000000041f000000|  0%| F|  |TAMS 0x000000041e800000, 0x000000041e800000| Untracked 
|  61|0x000000041f000000, 0x000000041f000000, 0x000000041f800000|  0%| F|  |TAMS 0x000000041f000000, 0x000000041f000000| Untracked 
|  62|0x000000041f800000, 0x000000041f800000, 0x0000000420000000|  0%| F|  |TAMS 0x000000041f800000, 0x000000041f800000| Untracked 
|  63|0x0000000420000000, 0x0000000420000000, 0x0000000420800000|  0%| F|  |TAMS 0x0000000420000000, 0x0000000420000000| Untracked 
|  64|0x0000000420800000, 0x0000000420800000, 0x0000000421000000|  0%| F|  |TAMS 0x0000000420800000, 0x0000000420800000| Untracked 
|  65|0x0000000421000000, 0x0000000421000000, 0x0000000421800000|  0%| F|  |TAMS 0x0000000421000000, 0x0000000421000000| Untracked 
|  66|0x0000000421800000, 0x0000000421800000, 0x0000000422000000|  0%| F|  |TAMS 0x0000000421800000, 0x0000000421800000| Untracked 
|  67|0x0000000422000000, 0x0000000422000000, 0x0000000422800000|  0%| F|  |TAMS 0x0000000422000000, 0x0000000422000000| Untracked 
|  68|0x0000000422800000, 0x0000000422800000, 0x0000000423000000|  0%| F|  |TAMS 0x0000000422800000, 0x0000000422800000| Untracked 
|  69|0x0000000423000000, 0x0000000423000000, 0x0000000423800000|  0%| F|  |TAMS 0x0000000423000000, 0x0000000423000000| Untracked 
|  70|0x0000000423800000, 0x0000000423800000, 0x0000000424000000|  0%| F|  |TAMS 0x0000000423800000, 0x0000000423800000| Untracked 
|  71|0x0000000424000000, 0x0000000424000000, 0x0000000424800000|  0%| F|  |TAMS 0x0000000424000000, 0x0000000424000000| Untracked 
|  72|0x0000000424800000, 0x0000000424800000, 0x0000000425000000|  0%| F|  |TAMS 0x0000000424800000, 0x0000000424800000| Untracked 
|  73|0x0000000425000000, 0x0000000425000000, 0x0000000425800000|  0%| F|  |TAMS 0x0000000425000000, 0x0000000425000000| Untracked 
|  74|0x0000000425800000, 0x0000000425800000, 0x0000000426000000|  0%| F|  |TAMS 0x0000000425800000, 0x0000000425800000| Untracked 
|  75|0x0000000426000000, 0x0000000426000000, 0x0000000426800000|  0%| F|  |TAMS 0x0000000426000000, 0x0000000426000000| Untracked 
|  76|0x0000000426800000, 0x0000000426800000, 0x0000000427000000|  0%| F|  |TAMS 0x0000000426800000, 0x0000000426800000| Untracked 
|  77|0x0000000427000000, 0x0000000427000000, 0x0000000427800000|  0%| F|  |TAMS 0x0000000427000000, 0x0000000427000000| Untracked 
|  78|0x0000000427800000, 0x0000000427800000, 0x0000000428000000|  0%| F|  |TAMS 0x0000000427800000, 0x0000000427800000| Untracked 
|  79|0x0000000428000000, 0x0000000428000000, 0x0000000428800000|  0%| F|  |TAMS 0x0000000428000000, 0x0000000428000000| Untracked 
|  80|0x0000000428800000, 0x0000000428800000, 0x0000000429000000|  0%| F|  |TAMS 0x0000000428800000, 0x0000000428800000| Untracked 
|  81|0x0000000429000000, 0x0000000429000000, 0x0000000429800000|  0%| F|  |TAMS 0x0000000429000000, 0x0000000429000000| Untracked 
|  82|0x0000000429800000, 0x0000000429800000, 0x000000042a000000|  0%| F|  |TAMS 0x0000000429800000, 0x0000000429800000| Untracked 
|  83|0x000000042a000000, 0x000000042a000000, 0x000000042a800000|  0%| F|  |TAMS 0x000000042a000000, 0x000000042a000000| Untracked 
|  84|0x000000042a800000, 0x000000042a800000, 0x000000042b000000|  0%| F|  |TAMS 0x000000042a800000, 0x000000042a800000| Untracked 
|  85|0x000000042b000000, 0x000000042b000000, 0x000000042b800000|  0%| F|  |TAMS 0x000000042b000000, 0x000000042b000000| Untracked 
|  86|0x000000042b800000, 0x000000042b800000, 0x000000042c000000|  0%| F|  |TAMS 0x000000042b800000, 0x000000042b800000| Untracked 
|  87|0x000000042c000000, 0x000000042c000000, 0x000000042c800000|  0%| F|  |TAMS 0x000000042c000000, 0x000000042c000000| Untracked 
|  88|0x000000042c800000, 0x000000042c800000, 0x000000042d000000|  0%| F|  |TAMS 0x000000042c800000, 0x000000042c800000| Untracked 
|  89|0x000000042d000000, 0x000000042d000000, 0x000000042d800000|  0%| F|  |TAMS 0x000000042d000000, 0x000000042d000000| Untracked 
|  90|0x000000042d800000, 0x000000042d800000, 0x000000042e000000|  0%| F|  |TAMS 0x000000042d800000, 0x000000042d800000| Untracked 
|  91|0x000000042e000000, 0x000000042e000000, 0x000000042e800000|  0%| F|  |TAMS 0x000000042e000000, 0x000000042e000000| Untracked 
|  92|0x000000042e800000, 0x000000042e800000, 0x000000042f000000|  0%| F|  |TAMS 0x000000042e800000, 0x000000042e800000| Untracked 
|  93|0x000000042f000000, 0x000000042f000000, 0x000000042f800000|  0%| F|  |TAMS 0x000000042f000000, 0x000000042f000000| Untracked 
|  94|0x000000042f800000, 0x000000042f800000, 0x0000000430000000|  0%| F|  |TAMS 0x000000042f800000, 0x000000042f800000| Untracked 
|  95|0x0000000430000000, 0x0000000430000000, 0x0000000430800000|  0%| F|  |TAMS 0x0000000430000000, 0x0000000430000000| Untracked 
|  96|0x0000000430800000, 0x0000000430800000, 0x0000000431000000|  0%| F|  |TAMS 0x0000000430800000, 0x0000000430800000| Untracked 
|  97|0x0000000431000000, 0x0000000431000000, 0x0000000431800000|  0%| F|  |TAMS 0x0000000431000000, 0x0000000431000000| Untracked 
|  98|0x0000000431800000, 0x0000000431800000, 0x0000000432000000|  0%| F|  |TAMS 0x0000000431800000, 0x0000000431800000| Untracked 
|  99|0x0000000432000000, 0x0000000432000000, 0x0000000432800000|  0%| F|  |TAMS 0x0000000432000000, 0x0000000432000000| Untracked 
| 100|0x0000000432800000, 0x0000000432800000, 0x0000000433000000|  0%| F|  |TAMS 0x0000000432800000, 0x0000000432800000| Untracked 
| 101|0x0000000433000000, 0x0000000433000000, 0x0000000433800000|  0%| F|  |TAMS 0x0000000433000000, 0x0000000433000000| Untracked 
| 102|0x0000000433800000, 0x0000000433800000, 0x0000000434000000|  0%| F|  |TAMS 0x0000000433800000, 0x0000000433800000| Untracked 
| 103|0x0000000434000000, 0x0000000434000000, 0x0000000434800000|  0%| F|  |TAMS 0x0000000434000000, 0x0000000434000000| Untracked 
| 104|0x0000000434800000, 0x0000000434800000, 0x0000000435000000|  0%| F|  |TAMS 0x0000000434800000, 0x0000000434800000| Untracked 
| 105|0x0000000435000000, 0x0000000435000000, 0x0000000435800000|  0%| F|  |TAMS 0x0000000435000000, 0x0000000435000000| Untracked 
| 106|0x0000000435800000, 0x0000000435800000, 0x0000000436000000|  0%| F|  |TAMS 0x0000000435800000, 0x0000000435800000| Untracked 
| 107|0x0000000436000000, 0x0000000436000000, 0x0000000436800000|  0%| F|  |TAMS 0x0000000436000000, 0x0000000436000000| Untracked 
| 108|0x0000000436800000, 0x0000000436800000, 0x0000000437000000|  0%| F|  |TAMS 0x0000000436800000, 0x0000000436800000| Untracked 
| 109|0x0000000437000000, 0x0000000437000000, 0x0000000437800000|  0%| F|  |TAMS 0x0000000437000000, 0x0000000437000000| Untracked 
| 110|0x0000000437800000, 0x0000000437800000, 0x0000000438000000|  0%| F|  |TAMS 0x0000000437800000, 0x0000000437800000| Untracked 
| 111|0x0000000438000000, 0x0000000438000000, 0x0000000438800000|  0%| F|  |TAMS 0x0000000438000000, 0x0000000438000000| Untracked 
| 112|0x0000000438800000, 0x0000000438800000, 0x0000000439000000|  0%| F|  |TAMS 0x0000000438800000, 0x0000000438800000| Untracked 
| 113|0x0000000439000000, 0x0000000439000000, 0x0000000439800000|  0%| F|  |TAMS 0x0000000439000000, 0x0000000439000000| Untracked 
| 114|0x0000000439800000, 0x0000000439800000, 0x000000043a000000|  0%| F|  |TAMS 0x0000000439800000, 0x0000000439800000| Untracked 
| 115|0x000000043a000000, 0x000000043a000000, 0x000000043a800000|  0%| F|  |TAMS 0x000000043a000000, 0x000000043a000000| Untracked 
| 116|0x000000043a800000, 0x000000043a800000, 0x000000043b000000|  0%| F|  |TAMS 0x000000043a800000, 0x000000043a800000| Untracked 
| 117|0x000000043b000000, 0x000000043b000000, 0x000000043b800000|  0%| F|  |TAMS 0x000000043b000000, 0x000000043b000000| Untracked 
| 118|0x000000043b800000, 0x000000043b800000, 0x000000043c000000|  0%| F|  |TAMS 0x000000043b800000, 0x000000043b800000| Untracked 
| 119|0x000000043c000000, 0x000000043c000000, 0x000000043c800000|  0%| F|  |TAMS 0x000000043c000000, 0x000000043c000000| Untracked 
| 120|0x000000043c800000, 0x000000043c800000, 0x000000043d000000|  0%| F|  |TAMS 0x000000043c800000, 0x000000043c800000| Untracked 
| 121|0x000000043d000000, 0x000000043d000000, 0x000000043d800000|  0%| F|  |TAMS 0x000000043d000000, 0x000000043d000000| Untracked 
| 122|0x000000043d800000, 0x000000043d800000, 0x000000043e000000|  0%| F|  |TAMS 0x000000043d800000, 0x000000043d800000| Untracked 
| 123|0x000000043e000000, 0x000000043e000000, 0x000000043e800000|  0%| F|  |TAMS 0x000000043e000000, 0x000000043e000000| Untracked 
| 124|0x000000043e800000, 0x000000043e800000, 0x000000043f000000|  0%| F|  |TAMS 0x000000043e800000, 0x000000043e800000| Untracked 
| 125|0x000000043f000000, 0x000000043f000000, 0x000000043f800000|  0%| F|  |TAMS 0x000000043f000000, 0x000000043f000000| Untracked 
| 126|0x000000043f800000, 0x000000043f800000, 0x0000000440000000|  0%| F|  |TAMS 0x000000043f800000, 0x000000043f800000| Untracked 
| 127|0x0000000440000000, 0x00000004404cce50, 0x0000000440800000| 60%| E|  |TAMS 0x0000000440000000, 0x0000000440000000| Complete 

Card table byte_map: [0x000002ce69350000,0x000002ce6b350000] _byte_map_base: 0x000002ce6734c000

Marking Bits (Prev, Next): (CMBitMap*) 0x000002ce506bd5a0, (CMBitMap*) 0x000002ce506bd5e0
 Prev Bits: [0x000002ce6d350000, 0x000002ce7d330000)
 Next Bits: [0x000002ce00000000, 0x000002ce0ffe0000)

Polling page: 0x000002ce4e570000

Metaspace:

Usage:
  Non-class:    364.52 KB used.
      Class:     21.32 KB used.
       Both:    385.84 KB used.

Virtual space:
  Non-class space:        8.00 MB reserved,     448.00 KB (  5%) committed,  1 nodes.
      Class space:        1.00 GB reserved,     128.00 KB ( <1%) committed,  1 nodes.
             Both:        1.01 GB reserved,     576.00 KB ( <1%) committed. 

Chunk freelists:
   Non-Class:  3.98 MB
       Class:  3.74 MB
        Both:  7.73 MB

MaxMetaspaceSize: unlimited
CompressedClassSpaceSize: 1.00 GB
Initial GC threshold: 21.00 MB
Current GC threshold: 21.00 MB
CDS: on
MetaspaceReclaimPolicy: balanced
 - commit_granule_bytes: 65536.
 - commit_granule_words: 8192.
 - virtual_space_node_default_size: 1048576.
 - enlarge_chunks_in_place: 1.
 - new_chunks_are_fully_committed: 0.
 - uncommit_free_chunks: 1.
 - use_allocation_guard: 0.
 - handle_deallocations: 1.


Internal statistics:

num_allocs_failed_limit: 0.
num_arena_births: 6.
num_arena_deaths: 0.
num_vsnodes_births: 2.
num_vsnodes_deaths: 0.
num_space_committed: 9.
num_space_uncommitted: 0.
num_chunks_returned_to_freelist: 0.
num_chunks_taken_from_freelist: 10.
num_chunk_merges: 0.
num_chunk_splits: 4.
num_chunks_enlarged: 2.
num_purges: 0.
num_inconsistent_stats: 0.

CodeHeap 'non-profiled nmethods': size=120000Kb used=55Kb max_used=55Kb free=119944Kb
 bounds [0x000002ce5f8d0000, 0x000002ce5fb40000, 0x000002ce66e00000]
CodeHeap 'profiled nmethods': size=120000Kb used=186Kb max_used=186Kb free=119813Kb
 bounds [0x000002ce583a0000, 0x000002ce58610000, 0x000002ce5f8d0000]
CodeHeap 'non-nmethods': size=5760Kb used=1103Kb max_used=1103Kb free=4656Kb
 bounds [0x000002ce57e00000, 0x000002ce58070000, 0x000002ce583a0000]
 total_blobs=550 nmethods=170 adapters=293
 compilation: enabled
              stopped_count=0, restarted_count=0
 full_count=0

Compilation events (20 events):
Event: 0.064 Thread 0x000002ce7f859790  146       4       java.util.HashMap::newNode (13 bytes)
Event: 0.065 Thread 0x000002ce7f859790 nmethod 146 0x000002ce5f8dd090 code [0x000002ce5f8dd220, 0x000002ce5f8dd338]
Event: 0.068 Thread 0x000002ce7f85b160  162       3       java.util.zip.ZipUtils::SH (21 bytes)
Event: 0.068 Thread 0x000002ce7f85b160 nmethod 162 0x000002ce583cc110 code [0x000002ce583cc2a0, 0x000002ce583cc3f8]
Event: 0.069 Thread 0x000002ce7f85b160  163       1       java.util.HashMap$Node::getKey (5 bytes)
Event: 0.069 Thread 0x000002ce7f85b160 nmethod 163 0x000002ce5f8dd410 code [0x000002ce5f8dd5a0, 0x000002ce5f8dd678]
Event: 0.069 Thread 0x000002ce7f85b160  164       1       java.util.HashMap$Node::getValue (5 bytes)
Event: 0.069 Thread 0x000002ce7f85b160 nmethod 164 0x000002ce5f8dd710 code [0x000002ce5f8dd8a0, 0x000002ce5f8dd978]
Event: 0.071 Thread 0x000002ce7f85b160  165       3       java.lang.StringBuilder::append (8 bytes)
Event: 0.071 Thread 0x000002ce7f85b160 nmethod 165 0x000002ce583cc510 code [0x000002ce583cc6a0, 0x000002ce583cc7e8]
Event: 0.071 Thread 0x000002ce7f85b160  166       3       java.lang.AbstractStringBuilder::append (45 bytes)
Event: 0.071 Thread 0x000002ce7f859790  167       4       java.lang.String::isLatin1 (19 bytes)
Event: 0.071 Thread 0x000002ce7f85b160 nmethod 166 0x000002ce583cc890 code [0x000002ce583cca60, 0x000002ce583ccda8]
Event: 0.071 Thread 0x000002ce7f859790 nmethod 167 0x000002ce5f8dda10 code [0x000002ce5f8ddb80, 0x000002ce5f8ddc18]
Event: 0.071 Thread 0x000002ce7f85b160  168       3       java.lang.String::checkBoundsBeginEnd (63 bytes)
Event: 0.072 Thread 0x000002ce7f85b160 nmethod 168 0x000002ce583ccf10 code [0x000002ce583cd1a0, 0x000002ce583cda98]
Event: 0.073 Thread 0x000002ce7f85b160  169       3       java.lang.StringUTF16::getChar (60 bytes)
Event: 0.073 Thread 0x000002ce7f85b160 nmethod 169 0x000002ce583cde10 code [0x000002ce583cdfa0, 0x000002ce583ce118]
Event: 0.074 Thread 0x000002ce7f85b160  170       3       java.lang.String::substring (58 bytes)
Event: 0.074 Thread 0x000002ce7f85b160 nmethod 170 0x000002ce583ce210 code [0x000002ce583ce400, 0x000002ce583ce8a8]

GC Heap History (0 events):
No events

Deoptimization events (4 events):
Event: 0.073 Thread 0x000002ce50604480 Uncommon trap: trap_request=0xffffff45 fr.pc=0x000002ce5f8ddbdc relative=0x000000000000005c
Event: 0.073 Thread 0x000002ce50604480 Uncommon trap: reason=unstable_if action=reinterpret pc=0x000002ce5f8ddbdc method=java.lang.String.isLatin1()Z @ 10 c2
Event: 0.073 Thread 0x000002ce50604480 DEOPT PACKING pc=0x000002ce5f8ddbdc sp=0x000000d35e2fe2c0
Event: 0.073 Thread 0x000002ce50604480 DEOPT UNPACKING pc=0x000002ce57e523a3 sp=0x000000d35e2fe250 mode 2

Classes unloaded (0 events):
No events

Classes redefined (0 events):
No events

Internal exceptions (0 events):
No events

VM Operations (2 events):
Event: 0.047 Executing VM operation: HandshakeAllThreads
Event: 0.048 Executing VM operation: HandshakeAllThreads done

Events (20 events):
Event: 0.070 loading class java/lang/reflect/InvocationTargetException
Event: 0.070 loading class java/lang/reflect/InvocationTargetException done
Event: 0.072 Loaded shared library C:\Program Files\JetBrains\IntelliJ IDEA Community Edition 2021.2.2\bin\breakgen64.dll
Event: 0.072 loading class java/io/Reader
Event: 0.072 loading class java/io/Reader done
Event: 0.072 loading class java/io/InputStreamReader
Event: 0.072 loading class java/io/InputStreamReader done
Event: 0.073 Thread 0x000002ce102d2a80 Thread added: 0x000002ce102d2a80
Event: 0.073 Thread 0x000002ce102d5d80 Thread added: 0x000002ce102d5d80
Event: 0.073 loading class jdk/internal/vm/PostVMInitHook
Event: 0.073 loading class jdk/internal/vm/PostVMInitHook done
Event: 0.073 loading class java/net/Socket
Event: 0.073 loading class java/net/Socket done
Event: 0.073 loading class jdk/internal/loader/URLClassPath$FileLoader$1
Event: 0.073 loading class jdk/internal/loader/URLClassPath$FileLoader$1 done
Event: 0.074 loading class java/net/InetSocketAddress
Event: 0.074 loading class java/net/SocketAddress
Event: 0.074 loading class java/net/SocketAddress done
Event: 0.074 loading class java/net/InetSocketAddress done
Event: 0.075 Loaded shared library C:\Users\andru\IdeaProjects\GameEngine\src\cpp\engine.dll


Dynamic libraries:
0x00007ff6e1080000 - 0x00007ff6e108e000 	C:\Users\andru\.jdks\openjdk-17\bin\java.exe
0x00007ffb09320000 - 0x00007ffb09529000 	C:\WINDOWS\SYSTEM32\ntdll.dll
0x00007ffb082a0000 - 0x00007ffb0835d000 	C:\WINDOWS\System32\KERNEL32.DLL
0x00007ffb06b70000 - 0x00007ffb06ee9000 	C:\WINDOWS\System32\KERNELBASE.dll
0x00007ffb06810000 - 0x00007ffb06921000 	C:\WINDOWS\System32\ucrtbase.dll
0x00007ffb00e80000 - 0x00007ffb00e98000 	C:\Users\andru\.jdks\openjdk-17\bin\jli.dll
0x00007ffaffab0000 - 0x00007ffaffaca000 	C:\Users\andru\.jdks\openjdk-17\bin\VCRUNTIME140.dll
0x00007ffb08730000 - 0x00007ffb088dc000 	C:\WINDOWS\System32\USER32.dll
0x00007ffb06a50000 - 0x00007ffb06a76000 	C:\WINDOWS\System32\win32u.dll
0x00007ffae44b0000 - 0x00007ffae4755000 	C:\WINDOWS\WinSxS\amd64_microsoft.windows.common-controls_6595b64144ccf1df_6.0.22000.120_none_9d947278b86cc467\COMCTL32.dll
0x00007ffb08360000 - 0x00007ffb08389000 	C:\WINDOWS\System32\GDI32.dll
0x00007ffb08680000 - 0x00007ffb08723000 	C:\WINDOWS\System32\msvcrt.dll
0x00007ffb06930000 - 0x00007ffb06a42000 	C:\WINDOWS\System32\gdi32full.dll
0x00007ffb06fb0000 - 0x00007ffb0704d000 	C:\WINDOWS\System32\msvcp_win.dll
0x00007ffb084a0000 - 0x00007ffb084d1000 	C:\WINDOWS\System32\IMM32.DLL
0x00007ffb03240000 - 0x00007ffb0324c000 	C:\Users\andru\.jdks\openjdk-17\bin\vcruntime140_1.dll
0x00007ffae1c10000 - 0x00007ffae1c9d000 	C:\Users\andru\.jdks\openjdk-17\bin\msvcp140.dll
0x00007ffa94f90000 - 0x00007ffa95b4e000 	C:\Users\andru\.jdks\openjdk-17\bin\server\jvm.dll
0x00007ffb09230000 - 0x00007ffb092de000 	C:\WINDOWS\System32\ADVAPI32.dll
0x00007ffb08ae0000 - 0x00007ffb08b7e000 	C:\WINDOWS\System32\sechost.dll
0x00007ffb090a0000 - 0x00007ffb091c0000 	C:\WINDOWS\System32\RPCRT4.dll
0x00007ffb08390000 - 0x00007ffb08398000 	C:\WINDOWS\System32\PSAPI.DLL
0x00007ffaf84f0000 - 0x00007ffaf84f9000 	C:\WINDOWS\SYSTEM32\WSOCK32.dll
0x00007ffafeb70000 - 0x00007ffafeb7a000 	C:\WINDOWS\SYSTEM32\VERSION.dll
0x00007ffaff7b0000 - 0x00007ffaff7e3000 	C:\WINDOWS\SYSTEM32\WINMM.dll
0x00007ffb091c0000 - 0x00007ffb0922f000 	C:\WINDOWS\System32\WS2_32.dll
0x00007ffb05a00000 - 0x00007ffb05a18000 	C:\WINDOWS\SYSTEM32\kernel.appcore.dll
0x00007ffaffaa0000 - 0x00007ffaffaaa000 	C:\Users\andru\.jdks\openjdk-17\bin\jimage.dll
0x00007ffae3c40000 - 0x00007ffae3e61000 	C:\WINDOWS\SYSTEM32\DBGHELP.DLL
0x00007ffae3c00000 - 0x00007ffae3c31000 	C:\WINDOWS\SYSTEM32\dbgcore.DLL
0x00007ffb06a80000 - 0x00007ffb06aff000 	C:\WINDOWS\System32\bcryptPrimitives.dll
0x00007ffaffa90000 - 0x00007ffaffa9e000 	C:\Users\andru\.jdks\openjdk-17\bin\instrument.dll
0x00007ffaffa60000 - 0x00007ffaffa85000 	C:\Users\andru\.jdks\openjdk-17\bin\java.dll
0x00007ffadf600000 - 0x00007ffadf6d6000 	C:\Users\andru\.jdks\openjdk-17\bin\svml.dll
0x00007ffb071c0000 - 0x00007ffb0796f000 	C:\WINDOWS\System32\SHELL32.dll
0x00007ffb04990000 - 0x00007ffb051f8000 	C:\WINDOWS\SYSTEM32\windows.storage.dll
0x00007ffb08ca0000 - 0x00007ffb09018000 	C:\WINDOWS\System32\combase.dll
0x00007ffb04820000 - 0x00007ffb04986000 	C:\WINDOWS\SYSTEM32\wintypes.dll
0x00007ffb089d0000 - 0x00007ffb08aba000 	C:\WINDOWS\System32\SHCORE.dll
0x00007ffb084e0000 - 0x00007ffb0853d000 	C:\WINDOWS\System32\shlwapi.dll
0x00007ffb06740000 - 0x00007ffb06761000 	C:\WINDOWS\SYSTEM32\profapi.dll
0x00007ffae5920000 - 0x00007ffae5938000 	C:\Users\andru\.jdks\openjdk-17\bin\zip.dll
0x00007ffaffa40000 - 0x00007ffaffa59000 	C:\Users\andru\.jdks\openjdk-17\bin\net.dll
0x00007ffaff5a0000 - 0x00007ffaff6ac000 	C:\WINDOWS\SYSTEM32\WINHTTP.dll
0x00007ffb05e30000 - 0x00007ffb05e97000 	C:\WINDOWS\system32\mswsock.dll
0x00007ffae5940000 - 0x00007ffae5955000 	C:\Users\andru\.jdks\openjdk-17\bin\nio.dll
0x00007ffae5900000 - 0x00007ffae591a000 	C:\Program Files\JetBrains\IntelliJ IDEA Community Edition 2021.2.2\bin\breakgen64.dll
0x00007ffae3be0000 - 0x00007ffae3bf2000 	C:\Users\andru\IdeaProjects\GameEngine\src\cpp\engine.dll
0x00007ffad7200000 - 0x00007ffad741f000 	C:\WINDOWS\SYSTEM32\ucrtbased.dll
0x00007ffae1be0000 - 0x00007ffae1c0a000 	C:\WINDOWS\SYSTEM32\VCRUNTIME140D.dll

dbghelp: loaded successfully - version: 4.0.5 - missing functions: none
symbol engine: initialized successfully - sym options: 0x614 - pdb path: .;C:\Users\andru\.jdks\openjdk-17\bin;C:\WINDOWS\SYSTEM32;C:\WINDOWS\WinSxS\amd64_microsoft.windows.common-controls_6595b64144ccf1df_6.0.22000.120_none_9d947278b86cc467;C:\Users\andru\.jdks\openjdk-17\bin\server;C:\Program Files\JetBrains\IntelliJ IDEA Community Edition 2021.2.2\bin;C:\Users\andru\IdeaProjects\GameEngine\src\cpp

VM Arguments:
jvm_args: -Djava.library.path=C:\Users\andru\IdeaProjects\GameEngine\src\cpp -javaagent:C:\Program Files\JetBrains\IntelliJ IDEA Community Edition 2021.2.2\lib\idea_rt.jar=55570:C:\Program Files\JetBrains\IntelliJ IDEA Community Edition 2021.2.2\bin -Dfile.encoding=UTF-8 
java_command: Engine
java_class_path (initial): C:\Users\andru\IdeaProjects\GameEngine\out\production\GameEngine
Launcher Type: SUN_STANDARD

[Global flags]
     intx CICompilerCount                          = 4                                         {product} {ergonomic}
     uint ConcGCThreads                            = 3                                         {product} {ergonomic}
     uint G1ConcRefinementThreads                  = 10                                        {product} {ergonomic}
   size_t G1HeapRegionSize                         = 8388608                                   {product} {ergonomic}
    uintx GCDrainStackTargetSize                   = 64                                        {product} {ergonomic}
   size_t InitialHeapSize                          = 1073741824                                {product} {ergonomic}
   size_t MarkStackSize                            = 4194304                                   {product} {ergonomic}
   size_t MaxHeapSize                              = 17171480576                               {product} {ergonomic}
   size_t MaxNewSize                               = 10301210624                               {product} {ergonomic}
   size_t MinHeapDeltaBytes                        = 8388608                                   {product} {ergonomic}
   size_t MinHeapSize                              = 8388608                                   {product} {ergonomic}
    uintx NonNMethodCodeHeapSize                   = 5839372                                {pd product} {ergonomic}
    uintx NonProfiledCodeHeapSize                  = 122909434                              {pd product} {ergonomic}
    uintx ProfiledCodeHeapSize                     = 122909434                              {pd product} {ergonomic}
    uintx ReservedCodeCacheSize                    = 251658240                              {pd product} {ergonomic}
     bool SegmentedCodeCache                       = true                                      {product} {ergonomic}
   size_t SoftMaxHeapSize                          = 17171480576                            {manageable} {ergonomic}
     bool UseCompressedClassPointers               = true                           {product lp64_product} {ergonomic}
     bool UseCompressedOops                        = true                           {product lp64_product} {ergonomic}
     bool UseG1GC                                  = true                                      {product} {ergonomic}
     bool UseLargePagesIndividualAllocation        = false                                  {pd product} {ergonomic}

Logging:
Log output configuration:
 #0: stdout all=warning uptime,level,tags
 #1: stderr all=off uptime,level,tags

Environment Variables:
PATH=C:\VulkanSDK\1.2.162.0\Bin;C:\Program Files\NVIDIA GPU Computing Toolkit\CUDA\v11.1\bin;C:\Program Files\NVIDIA GPU Computing Toolkit\CUDA\v11.1\libnvvp;C:\Program Files\Python38\Scripts\;C:\Program Files\Python38\;C:\Program Files (x86)\Common Files\Oracle\Java\javapath;C:\ProgramData\Oracle\Java\javapath;C:\Windows\system32;C:\Windows;C:\Windows\System32\Wbem;C:\Windows\System32\WindowsPowerShell\v1.0\;C:\Program Files (x86)\NVIDIA Corporation\PhysX\Common;C:\WINDOWS\system32;C:\WINDOWS;C:\WINDOWS\System32\Wbem;C:\WINDOWS\System32\WindowsPowerShell\v1.0\;c:\Program Files (x86)\Microsoft SQL Server\110\Tools\Binn\;c:\Program Files\Microsoft SQL Server\110\Tools\Binn\;c:\Program Files\Microsoft SQL Server\110\DTS\Binn\;C:\WINDOWS\System32\OpenSSH\;C:\Program Files\PuTTY\;C:\Windows\System32\OpenSSH\;C:\Program Files (x86)\Yarn\bin\;C:\Program Files\Common Files\Autodesk Shared\;C:\Program Files\Microsoft SQL Server\120\Tools\Binn\;C:\Program Files\dotnet\;C:\Program Files\Microsoft SQL Server\130\Tools\Binn\;C:\Users\andru\AppData\Roaming\nvm;C:\Program Files\nodejs;C:\ProgramData\chocolatey\bin;C:\Program Files\VideoLAN\VLC;C:\Program Files\NVIDIA Corporation\NVIDIA NvDLISR;C:\Program Files\nodejs\;C:\Program Files\Calibre2\;E:\Programs\Git\cmd;E:\Programs\CMake\bin;E:\Programs\SlikSVN\bin;C:\Program Files\NVIDIA Corporation\Nsight Compute 2020.2.1\;C:\Program Files (x86)\Microsoft Visual Studio\2019\Community\VC\Tools\MSVC\14.27.29110\bin\Hostx64\x64;C:\WINDOWS\system32;C:\WINDOWS;C:\WINDOWS\System32\Wbem;C:\WINDOWS\System32\WindowsPowerShell\v1.0\;C:\WINDOWS\System32\OpenSSH\;C:\Program Files\Wiimm\SZS;C:\Users\andru\Documents\SNES Dev\cc65\bin;C:\Users\andru\AppData\Local\bin\NASM;C:\Program Files (x86)\Windows Kits\10\Windows Performance Toolkit\;C:\Users\andru\AppData\Local\Programs\Python\Python310\Scripts\;C:\Users\andru\AppData\Local\Programs\Python\Python310\;C:\Users\andru\AppData\Local\Microsoft\WindowsApps;C:\Users\andru\AppData\Local\Programs\Microso
USERNAME=andru
OS=Windows_NT
PROCESSOR_IDENTIFIER=AMD64 Family 23 Model 113 Stepping 0, AuthenticAMD



---------------  S Y S T E M  ---------------

OS:
 Windows 10 , 64 bit Build 22000 (10.0.22000.675)
OS uptime: 0 days 20:21 hours

CPU: total 12 (initial active 12) (12 cores per cpu, 2 threads per core) family 23 model 113 stepping 0 microcode 0x0, cx8, cmov, fxsr, ht, mmx, 3dnowpref, sse, sse2, sse3, ssse3, sse4a, sse4.1, sse4.2, popcnt, lzcnt, tsc, tscinvbit, avx, avx2, aes, clmul, bmi1, bmi2, adx, sha, fma, vzeroupper, clflush, clflushopt

Memory: 4k page, system-wide physical 65482M (48500M free)
TotalPageFile size 77770M (AvailPageFile size 55988M)
current process WorkingSet (physical memory assigned to process): 36M, peak: 36M
current process commit charge ("private bytes"): 1147M, peak: 1147M

vm_info: OpenJDK 64-Bit Server VM (17+35-2724) for windows-amd64 JRE (17+35-2724), built on Aug  5 2021 23:26:02 by "mach5one" with MS VC++ 16.8 (VS2019)

END.
